00:00:00.001000 main     VirtualBox COM Server 6.1.26 r145957 win.amd64 (Jul 28 2021 17:15:09) release log
00:00:00.001000 main     Log opened 2021-09-04T20:50:28.971987500Z
00:00:00.001000 main     Build Type: release
00:00:00.001000 main     OS Product: Windows 8.1
00:00:00.001000 main     OS Release: 6.3.9600
00:00:00.001000 main     OS Service Pack: 
00:00:00.020014 main     DMI Product Name: HP 1000 Notebook PC
00:00:00.031021 main     DMI Product Version: 088A130000305910000610100
00:00:00.031021 main     Firmware type: UEFI
00:00:00.031021 main     Secure Boot: VERR_PRIVILEGE_NOT_HELD
00:00:00.031021 main     Host RAM: 8081MB (7.8GB) total, 3056MB (2.9GB) available
00:00:00.031021 main     Executable: C:\Program Files\Oracle\VirtualBox\VBoxSVC.exe
00:00:00.031021 main     Process ID: 7848
00:00:00.031021 main     Package type: WINDOWS_64BITS_GENERIC
00:00:00.073050          VirtualBox: object creation starts
00:00:00.074049          Home directory: 'C:\Users\YEB\.VirtualBox'
00:00:00.074049          Installed Drivers:
00:00:00.075049            C:\WINDOWS\system32\DRIVERS\VBoxNetLwf.sys (Version: 6.1.26.45957)
00:00:00.075049            C:\WINDOWS\system32\DRIVERS\VBoxUSBMon.sys (Version: 6.1.26.45957)
00:00:00.076050            C:\WINDOWS\system32\DRIVERS\VBoxDrv.sys (Version: 6.1.26.45957)
00:00:00.076050            C:\WINDOWS\system32\DRIVERS\VBoxNetAdp6.sys (Version: 6.1.26.45957)
00:00:00.078051          Loading settings file "C:\Users\YEB\.VirtualBox\VirtualBox.xml" with version "1.12-windows"
00:00:00.079052          usbLibGetDevices: Starting USB device enumeration
00:00:00.240222          Getting USB descriptor (id 0) failed (dwErr=31) on hub USB#VID_8087&PID_0024#5&2f8b2186&1&1#{f18a0e88-c30c-11d0-8815-00a0c906bed8} port 3
00:00:00.243649          usbLibGetDevices: Found 1 USB devices, 0 captured
00:00:00.243649          USB: Unknown USB device detected (idVendor: 0x04f2, idProduct: 0xb34f)
00:00:00.264662          HostDnsMonitor: initializing
00:00:00.270896          HostDnsMonitor: updating information
00:00:00.270896          HostDnsMonitor: old information
00:00:00.270896            no server entries
00:00:00.270896            no domain set
00:00:00.270896            no search string entries
00:00:00.270896          HostDnsMonitor: new information
00:00:00.270896            server 1: 192.168.0.1
00:00:00.270896            domain: fibertel.com.ar
00:00:00.270896            no search string entries
00:00:00.325097          VD: VDInit finished with VINF_SUCCESS
00:00:00.327098          Loading settings file "C:\Users\YEB\VirtualBox VMs\Oracle DB Developer VM\Oracle DB Developer VM.vbox" with version "1.16-windows"
00:00:00.328099          VirtualBox: object created
00:00:01.669947          Import settings with version "1.16-macosx"
00:00:01.669947          ERROR [COM]: aRC=VBOX_E_OBJECT_NOT_FOUND (0x80bb0001) aIID={d0a0163f-e254-4e5b-a1f2-011cf991c38d} aComponent={VirtualBoxWrap} aText={Could not find a registered machine named 'Oracle DB Developer VM 1'}, preserve=false aResultDetail=0
00:00:01.670946          ERROR [COM]: aRC=VBOX_E_FILE_ERROR (0x80bb0004) aIID={ad47ad09-787b-44ab-b343-a082a3f2dfb1} aComponent={MediumWrap} aText={Could not find file for the medium 'C:\Users\YEB\VirtualBox VMs\Oracle DB Developer VM 1\Oracle DB Developer VM-disk001.vmdk' (VERR_PATH_NOT_FOUND)}, preserve=false aResultDetail=-103
00:00:01.670946          ERROR [COM]: aRC=VBOX_E_FILE_ERROR (0x80bb0004) aIID={ad47ad09-787b-44ab-b343-a082a3f2dfb1} aComponent={MediumWrap} aText={Could not find file for the medium 'C:\Users\YEB\VirtualBox VMs\Oracle DB Developer VM 1\Oracle DB Developer VM-disk002.vmdk' (VERR_PATH_NOT_FOUND)}, preserve=false aResultDetail=-103
00:00:04.563608          Saving settings file "C:\Users\YEB\.VirtualBox\VirtualBox.xml" with version "1.12-windows"
00:00:04.641774          Saving settings file "C:\Users\YEB\.VirtualBox\VirtualBox.xml" with version "1.12-windows"
00:00:10.171330 main     VirtualBox: object deletion starts
00:00:10.171330 main     ERROR [COM]: aRC=VBOX_E_OBJECT_IN_USE (0x80bb000c) aIID={ad47ad09-787b-44ab-b343-a082a3f2dfb1} aComponent={MediumWrap} aText={Medium 'C:\Users\YEB\VirtualBox VMs\Oracle DB Developer VM\Oracle DB Developer VM-disk001.vdi' cannot be closed because it is still attached to 1 virtual machines}, preserve=false aResultDetail=0
00:00:10.171330 main     ERROR [COM]: aRC=VBOX_E_OBJECT_IN_USE (0x80bb000c) aIID={ad47ad09-787b-44ab-b343-a082a3f2dfb1} aComponent={MediumWrap} aText={Medium 'C:\Users\YEB\VirtualBox VMs\Oracle DB Developer VM\Oracle DB Developer VM-disk002.vdi' cannot be closed because it is still attached to 1 virtual machines}, preserve=false aResultDetail=0
00:00:10.173332 main     HostDnsMonitor: shutting down ...
00:00:10.173332 main     HostDnsMonitor: shut down
00:00:10.176332 Watcher  ERROR [COM]: aRC=E_ACCESSDENIED (0x80070005) aIID={d0a0163f-e254-4e5b-a1f2-011cf991c38d} aComponent={VirtualBoxWrap} aText={The object is not ready}, preserve=false aResultDetail=0
00:00:10.176332 main     VirtualBox: object deleted
